real time
mm_seq

real	0m0.208s
user	0m0.200s
sys	0m0.008s
mm_openmp

real	0m0.193s
user	0m0.177s
sys	0m0.016s

real	0m0.132s
user	0m0.193s
sys	0m0.012s

real	0m0.146s
user	0m0.327s
sys	0m0.016s

real	0m0.117s
user	0m0.467s
sys	0m0.012s

real	0m0.113s
user	0m0.353s
sys	0m0.004s

real	0m0.113s
user	0m0.304s
sys	0m0.053s
mm_threadsn

real	0m0.198s
user	0m0.190s
sys	0m0.008s

real	0m0.138s
user	0m0.192s
sys	0m0.012s

real	0m0.111s
user	0m0.215s
sys	0m0.004s

real	0m0.114s
user	0m0.360s
sys	0m0.012s

real	0m0.118s
user	0m0.333s
sys	0m0.016s

real	0m0.121s
user	0m0.356s
sys	0m0.012s
mm_procn

real	0m0.196s
user	0m0.184s
sys	0m0.012s

real	0m0.137s
user	0m0.195s
sys	0m0.011s

real	0m0.108s
user	0m0.212s
sys	0m0.008s

real	0m0.109s
user	0m0.357s
sys	0m0.004s

real	0m0.110s
user	0m0.330s
sys	0m0.030s

real	0m0.118s
user	0m0.353s
sys	0m0.023s
